2024-10-10 11:38:46 WARN  TestLog4j:15 - This is Warn...!!
2024-10-10 11:38:46 ERROR TestLog4j:16 - This is Error...!!
2024-10-10 11:38:46 FATAL TestLog4j:17 - This is Fatal...!!
2024-10-10 11:39:21 WARN  TestLog4j:15 - This is Warn...!!
2024-10-10 11:39:21 ERROR TestLog4j:16 - This is Error...!!
2024-10-10 11:39:21 FATAL TestLog4j:17 - This is Fatal...!!
2024-10-10 11:39:21 WARN  TestLog4j:15 - This is Warn...!!
2024-10-10 11:39:21 ERROR TestLog4j:16 - This is Error...!!
2024-10-10 11:39:21 FATAL TestLog4j:17 - This is Fatal...!!
2024-10-10 11:47:24 DEBUG TestLog4j:13 - This is Debug...!!
2024-10-10 11:47:24 INFO  TestLog4j:14 - This is Info...!!
2024-10-10 11:47:24 WARN  TestLog4j:15 - This is Warn...!!
2024-10-10 11:47:24 ERROR TestLog4j:16 - This is Error...!!
2024-10-10 11:47:24 FATAL TestLog4j:17 - This is Fatal...!!
2024-10-10 11:47:24 INFO  TestLog4j:30 - Arithmetic Error
java.lang.ArithmeticException: / by zero
	at com.rays.unittt.TestLog4j.main(TestLog4j.java:24)
2024-10-10 11:47:29 DEBUG TestLog4j:13 - This is Debug...!!
2024-10-10 11:47:29 INFO  TestLog4j:14 - This is Info...!!
2024-10-10 11:47:29 WARN  TestLog4j:15 - This is Warn...!!
2024-10-10 11:47:29 ERROR TestLog4j:16 - This is Error...!!
2024-10-10 11:47:29 FATAL TestLog4j:17 - This is Fatal...!!
2024-10-10 11:47:29 INFO  TestLog4j:30 - Arithmetic Error
java.lang.ArithmeticException: / by zero
	at com.rays.unittt.TestLog4j.main(TestLog4j.java:24)
2024-10-10 11:47:47 WARN  TestLog4j:15 - This is Warn...!!
2024-10-10 11:47:47 ERROR TestLog4j:16 - This is Error...!!
2024-10-10 11:47:47 FATAL TestLog4j:17 - This is Fatal...!!
2024-10-10 11:47:54 WARN  TestLog4j:15 - This is Warn...!!
2024-10-10 11:47:54 ERROR TestLog4j:16 - This is Error...!!
2024-10-10 11:47:54 FATAL TestLog4j:17 - This is Fatal...!!
